2022-11-24 09:24:23,622 [Worker-4: Loading available Gradle versions] INFO  o.e.b.c.i.u.g.PublishedGradleVersions - Gradle version information cache is up-to-date. Trying to read.
2022-11-24 09:25:24,975 [Worker-9: Updating Maven Dependencies] INFO  o.e.m.c.i.l.LifecycleMappingFactory - Using org.eclipse.m2e.jdt.JarLifecycleMapping lifecycle mapping for MavenProject: com.ssafy:otocafe:0.0.1-SNAPSHOT @ C:\Users\multicampus\Desktop\ssafy\server\mobile_through_project_final_no_lombok\pom.xml.
2022-11-24 09:25:25,138 [Worker-6: Building] INFO  o.e.m.c.i.l.LifecycleMappingFactory - Using org.eclipse.m2e.jdt.JarLifecycleMapping lifecycle mapping for MavenProject: com.ssafy:otocafe:0.0.1-SNAPSHOT @ C:\Users\multicampus\Desktop\ssafy\server\mobile_through_project_final_no_lombok\pom.xml.
2022-11-24 09:25:28,638 [Worker-6: Building] INFO  o.e.m.c.i.embedder.EclipseLogger - Using 'UTF-8' encoding to copy filtered resources.
2022-11-24 09:25:28,638 [Worker-6: Building] INFO  o.e.m.c.i.embedder.EclipseLogger - Using 'UTF-8' encoding to copy filtered properties files.
2022-11-24 09:25:28,641 [Worker-6: Building] INFO  o.e.m.c.i.embedder.EclipseLogger - Copying 1 resource
2022-11-24 09:25:28,652 [Worker-6: Building] INFO  o.e.m.c.i.embedder.EclipseLogger - Copying 48 resources
2022-11-24 09:25:28,731 [Worker-6: Building] INFO  o.e.m.c.i.embedder.EclipseLogger - Using 'UTF-8' encoding to copy filtered resources.
2022-11-24 09:25:28,731 [Worker-6: Building] INFO  o.e.m.c.i.embedder.EclipseLogger - Using 'UTF-8' encoding to copy filtered properties files.
2022-11-24 09:25:28,731 [Worker-6: Building] INFO  o.e.m.c.i.embedder.EclipseLogger - skip non existing resourceDirectory C:\Users\multicampus\Desktop\ssafy\server\mobile_through_project_final_no_lombok\src\test\resources
2022-11-24 09:25:29,757 [Worker-2: Building] INFO  o.e.m.c.i.embedder.EclipseLogger - Using 'UTF-8' encoding to copy filtered resources.
2022-11-24 09:25:29,757 [Worker-2: Building] INFO  o.e.m.c.i.embedder.EclipseLogger - Using 'UTF-8' encoding to copy filtered properties files.
2022-11-24 09:25:29,762 [Worker-2: Building] INFO  o.e.m.c.i.embedder.EclipseLogger - Copying 1 resource
2022-11-24 09:25:29,767 [Worker-2: Building] INFO  o.e.m.c.i.embedder.EclipseLogger - Copying 48 resources
2022-11-24 09:25:29,821 [Worker-2: Building] INFO  o.e.m.c.i.embedder.EclipseLogger - Using 'UTF-8' encoding to copy filtered resources.
2022-11-24 09:25:29,821 [Worker-2: Building] INFO  o.e.m.c.i.embedder.EclipseLogger - Using 'UTF-8' encoding to copy filtered properties files.
2022-11-24 09:25:29,821 [Worker-2: Building] INFO  o.e.m.c.i.embedder.EclipseLogger - skip non existing resourceDirectory C:\Users\multicampus\Desktop\ssafy\server\mobile_through_project_final_no_lombok\src\test\resources
2022-11-24 09:25:30,675 [Worker-0: Updating Maven Dependencies] INFO  o.e.m.c.i.l.LifecycleMappingFactory - Using org.eclipse.m2e.jdt.JarLifecycleMapping lifecycle mapping for MavenProject: com.ssafy:otocafe:0.0.1-SNAPSHOT @ C:\Users\multicampus\Desktop\ssafy\server\mobile_through_project_final_no_lombok\pom.xml.
2022-11-24 09:25:31,741 [Worker-9: Building] INFO  o.e.m.c.i.embedder.EclipseLogger - Using 'UTF-8' encoding to copy filtered resources.
2022-11-24 09:25:31,741 [Worker-9: Building] INFO  o.e.m.c.i.embedder.EclipseLogger - Using 'UTF-8' encoding to copy filtered properties files.
2022-11-24 09:25:31,743 [Worker-9: Building] INFO  o.e.m.c.i.embedder.EclipseLogger - Copying 0 resource
2022-11-24 09:25:31,743 [Worker-9: Building] INFO  o.e.m.c.i.embedder.EclipseLogger - Copying 0 resource
2022-11-24 09:25:31,745 [Worker-9: Building] INFO  o.e.m.c.i.embedder.EclipseLogger - Using 'UTF-8' encoding to copy filtered resources.
2022-11-24 09:25:31,745 [Worker-9: Building] INFO  o.e.m.c.i.embedder.EclipseLogger - Using 'UTF-8' encoding to copy filtered properties files.
2022-11-24 09:25:31,745 [Worker-9: Building] INFO  o.e.m.c.i.embedder.EclipseLogger - skip non existing resourceDirectory C:\Users\multicampus\Desktop\ssafy\server\mobile_through_project_final_no_lombok\src\test\resources
2022-11-24 09:25:33,539 [Worker-3: Updating Maven Project] INFO  o.e.m.c.i.p.ProjectConfigurationManager - Update started
2022-11-24 09:25:33,883 [Worker-3: Updating Maven Project] INFO  o.e.m.c.i.l.LifecycleMappingFactory - Using org.eclipse.m2e.jdt.JarLifecycleMapping lifecycle mapping for MavenProject: com.ssafy:otocafe:0.0.1-SNAPSHOT @ C:\Users\multicampus\Desktop\ssafy\server\mobile_through_project_final_no_lombok\pom.xml.
2022-11-24 09:25:34,256 [Worker-3: Updating Maven Project] INFO  o.e.m.j.i.AbstractJavaProjectConfigurator - Adding source folder /mobile_through_project_final_no_lombok/src/main/java
2022-11-24 09:25:34,257 [Worker-3: Updating Maven Project] INFO  o.e.m.j.i.AbstractJavaProjectConfigurator - Adding resource folder /mobile_through_project_final_no_lombok/src/main/resources
2022-11-24 09:25:34,257 [Worker-3: Updating Maven Project] INFO  o.e.m.j.i.AbstractJavaProjectConfigurator - Adding resource folder /mobile_through_project_final_no_lombok/src/main/resources
2022-11-24 09:25:34,259 [Worker-3: Updating Maven Project] INFO  o.e.m.j.i.AbstractJavaProjectConfigurator - Adding source folder /mobile_through_project_final_no_lombok/src/test/java
2022-11-24 09:25:34,407 [Worker-3: Updating Maven Project] INFO  o.e.m.c.i.p.ProjectConfigurationManager - Update completed: 0 sec
2022-11-24 09:25:35,101 [Worker-8: Building] INFO  o.e.m.c.i.embedder.EclipseLogger - Using 'UTF-8' encoding to copy filtered resources.
2022-11-24 09:25:35,101 [Worker-8: Building] INFO  o.e.m.c.i.embedder.EclipseLogger - Using 'UTF-8' encoding to copy filtered properties files.
2022-11-24 09:25:35,102 [Worker-8: Building] INFO  o.e.m.c.i.embedder.EclipseLogger - Copying 1 resource
2022-11-24 09:25:35,112 [Worker-8: Building] INFO  o.e.m.c.i.embedder.EclipseLogger - Copying 48 resources
2022-11-24 09:25:35,191 [Worker-8: Building] INFO  o.e.m.c.i.embedder.EclipseLogger - Using 'UTF-8' encoding to copy filtered resources.
2022-11-24 09:25:35,191 [Worker-8: Building] INFO  o.e.m.c.i.embedder.EclipseLogger - Using 'UTF-8' encoding to copy filtered properties files.
2022-11-24 09:25:35,191 [Worker-8: Building] INFO  o.e.m.c.i.embedder.EclipseLogger - skip non existing resourceDirectory C:\Users\multicampus\Desktop\ssafy\server\mobile_through_project_final_no_lombok\src\test\resources
